<?xml version="1.0" encoding="UTF-8"?>
<!-- Generated by org.testng.reporters.JUnitReportReporter -->
<testsuite skipped="0" hostname="ThamNT-PC" name="NS6.IEM_Create_Project_Unsuccess_Dialog" tests="1" failures="0" timestamp="28 Nov 2017 05:08:41 GMT" time="206.350" errors="0">
  <testcase name="Create_Project_Unsuccess_New" time="206.350" classname="NS6.IEM_Create_Project_Unsuccess_Dialog"/>
</testsuite> <!-- NS6.IEM_Create_Project_Unsuccess_Dialog -->
