<?xml version="1.0" encoding="UTF-8"?>
<!-- Generated by org.testng.reporters.JUnitReportReporter -->
<testsuite skipped="0" hostname="ThamNT-PC" name="NS6.IEM_Create_User_Unsuccess_New" tests="1" failures="0" timestamp="27 Nov 2017 04:10:37 GMT" time="74.073" errors="0">
  <testcase name="Create_User_Unsuccess_New" time="74.073" classname="NS6.IEM_Create_User_Unsuccess_New"/>
</testsuite> <!-- NS6.IEM_Create_User_Unsuccess_New -->
