<?xml version="1.0" encoding="UTF-8"?>
<!-- Generated by org.testng.reporters.JUnitReportReporter -->
<testsuite skipped="0" hostname="ThamNT-PC" name="NS6.LoginFunction" tests="2" failures="0" timestamp="10 Nov 2017 13:11:53 GMT" time="144.773" errors="0">
  <testcase name="loginUnsuccess" time="42.210" classname="NS6.LoginFunction"/>
  <testcase name="loginSuccess" time="102.563" classname="NS6.LoginFunction"/>
</testsuite> <!-- NS6.LoginFunction -->
