<?xml version="1.0" encoding="UTF-8"?>
<!-- Generated by org.testng.reporters.JUnitReportReporter -->
<testsuite skipped="0" hostname="ThamNT-PC" name="NS6.IEM_Create_Project_Unsuccess" tests="1" failures="0" timestamp="27 Nov 2017 08:48:50 GMT" time="82.414" errors="0">
  <testcase name="Create_Project_Unsuccess_New" time="82.414" classname="NS6.IEM_Create_Project_Unsuccess"/>
</testsuite> <!-- NS6.IEM_Create_Project_Unsuccess -->
