<?xml version="1.0" encoding="UTF-8"?>
<!-- Generated by org.testng.reporters.JUnitReportReporter -->
<testsuite skipped="0" hostname="QuyenNT-PC" name="NS6.Delete_User" tests="1" failures="0" timestamp="25 Oct 2017 10:28:05 GMT" time="322.772" errors="0">
  <testcase name="deleteSuccess" time="322.772" classname="NS6.Delete_User"/>
</testsuite> <!-- NS6.Delete_User -->
