<?xml version="1.0" encoding="UTF-8"?>
<!-- Generated by org.testng.reporters.JUnitReportReporter -->
<testsuite skipped="0" hostname="QuyenNT-PC" name="NS6.Create_User_Unsuccess_New" tests="1" failures="0" timestamp="30 Oct 2017 09:40:47 GMT" time="75.584" errors="0">
  <testcase name="Create_Project_Unsuccess_New" time="75.584" classname="NS6.Create_User_Unsuccess_New"/>
</testsuite> <!-- NS6.Create_User_Unsuccess_New -->
