<?xml version="1.0" encoding="UTF-8"?>
<!-- Generated by org.testng.reporters.JUnitReportReporter -->
<testsuite skipped="0" hostname="QuyenNT-PC" name="NS6.LoginFunction" tests="2" failures="0" timestamp="19 Oct 2017 09:34:14 GMT" time="135.431" errors="0">
  <testcase name="loginUnsuccess" time="43.658" classname="NS6.LoginFunction"/>
  <testcase name="loginSuccess" time="91.773" classname="NS6.LoginFunction"/>
</testsuite> <!-- NS6.LoginFunction -->
