<?xml version="1.0" encoding="UTF-8"?>
<!-- Generated by org.testng.reporters.JUnitReportReporter -->
<testsuite skipped="0" hostname="QuyenNT-PC" name="NS6.LoginFunction" tests="2" failures="0" timestamp="20 Oct 2017 05:02:36 GMT" time="138.003" errors="0">
  <testcase name="loginUnsuccess" time="43.793" classname="NS6.LoginFunction"/>
  <testcase name="loginSuccess" time="94.210" classname="NS6.LoginFunction"/>
</testsuite> <!-- NS6.LoginFunction -->
