<?xml version="1.0" encoding="UTF-8"?>
<!-- Generated by org.testng.reporters.JUnitReportReporter -->
<testsuite skipped="0" hostname="ThamNT-PC" name="NS6.IEM_Delete_Project" tests="1" failures="0" timestamp="28 Nov 2017 08:31:13 GMT" time="130.221" errors="0">
  <testcase name="deleteSuccess" time="130.221" classname="NS6.IEM_Delete_Project"/>
</testsuite> <!-- NS6.IEM_Delete_Project -->
