<?xml version="1.0" encoding="UTF-8"?>
<!-- Generated by org.testng.reporters.JUnitReportReporter -->
<testsuite skipped="0" hostname="ThamNT-PC" name="NS6.IEM_Delete_User" tests="1" failures="0" timestamp="24 Nov 2017 07:57:36 GMT" time="349.873" errors="0">
  <testcase name="deleteSuccess" time="349.873" classname="NS6.IEM_Delete_User"/>
</testsuite> <!-- NS6.IEM_Delete_User -->
